[2015-04-16 9:35:53] [11027] [ERROR] %% - select id from imcms_doc where id < { and id > { failed..
[2015-04-16 9:35:53] [11025] [ERROR] %% - select id from imcms_doc where id < { and id > { failed..
[2015-04-16 9:35:53] [11026] [ERROR] %% - select id from imcms_doc where id < { and id > { failed..
[2015-04-16 9:35:53] [11024] [ERROR] %% - select id from imcms_doc where id < { and id > { failed..
[2015-04-16 9:35:53] [11028] [ERROR] %% - select id from imcms_doc where id < { and id > { failed..
[2015-04-16 9:36:16] [11066] [ERROR] %% - select id from imcms_doc where id < { and id > { failed..
[2015-04-16 9:36:16] [11067] [ERROR] %% - select id from imcms_doc where id < { and id > { failed..
[2015-04-16 9:36:16] [11068] [ERROR] %% - select id from imcms_doc where id < { and id > { failed..
[2015-04-16 9:36:16] [11069] [ERROR] %% - select id from imcms_doc where id < { and id > { failed..
[2015-04-16 9:36:16] [11070] [ERROR] %% - select id from imcms_doc where id < { and id > { failed..
[2015-04-16 9:36:52] [11090] [ERROR] %% - select id from imcms_doc where id < { and id > { failed..
[2015-04-16 9:36:52] [11091] [ERROR] %% - select id from imcms_doc where id < { and id > { failed..
[2015-04-16 9:36:52] [11092] [ERROR] %% - select id from imcms_doc where id < { and id > { failed..
[2015-04-16 9:36:52] [11093] [ERROR] %% - select id from imcms_doc where id < { and id > { failed..
[2015-04-16 9:36:52] [11094] [ERROR] %% - select id from imcms_doc where id < { and id > { failed..
[2015-04-16 9:37:25] [11096] [ERROR] %% - select id from imcms_doc where id < { and id > { failed..
[2015-04-16 9:37:25] [11098] [ERROR] %% - select id from imcms_doc where id < { and id > { failed..
[2015-04-16 9:37:25] [11099] [ERROR] %% - select id from imcms_doc where id < { and id > { failed..
[2015-04-16 9:37:25] [11097] [ERROR] %% - select id from imcms_doc where id < { and id > { failed..
[2015-04-16 9:37:25] [11100] [ERROR] %% - select id from imcms_doc where id < { and id > { failed..
[2015-04-16 9:46:09] [11386] [ERROR] %% - select id from imcms_doc where id <  and id >  failed..
[2015-04-16 9:46:09] [11387] [ERROR] %% - select id from imcms_doc where id <  and id >  failed..
[2015-04-16 9:46:09] [11388] [ERROR] %% - select id from imcms_doc where id <  and id >  failed..
[2015-04-16 9:46:09] [11389] [ERROR] %% - select id from imcms_doc where id <  and id >  failed..
[2015-04-16 9:46:09] [11390] [ERROR] %% - select id from imcms_doc where id <  and id >  failed..
[2015-04-16 9:46:30] [11411] [ERROR] %% - select id from imcms_doc where id <  and id >  failed..
[2015-04-16 9:46:30] [11410] [ERROR] %% - select id from imcms_doc where id <  and id >  failed..
[2015-04-16 9:46:30] [11414] [ERROR] %% - select id from imcms_doc where id <  and id >  failed..
[2015-04-16 9:46:30] [11412] [ERROR] %% - select id from imcms_doc where id <  and id >  failed..
[2015-04-16 9:46:30] [11413] [ERROR] %% - select id from imcms_doc where id <  and id >  failed..
[2015-04-16 9:46:41] [11434] [ERROR] %% - select id from imcms_doc where id <  and id >  failed..
[2015-04-16 9:46:41] [11436] [ERROR] %% - select id from imcms_doc where id <  and id >  failed..
[2015-04-16 9:46:41] [11435] [ERROR] %% - select id from imcms_doc where id <  and id >  failed..
[2015-04-16 9:46:41] [11437] [ERROR] %% - select id from imcms_doc where id <  and id >  failed..
[2015-04-16 9:46:41] [11438] [ERROR] %% - select id from imcms_doc where id <  and id >  failed..
[2015-04-16 10:11:27] [13025] [INFO] %% - Division by zero.
[2015-04-16 10:11:27] [13026] [INFO] %% - Division by zero.
[2015-04-16 10:11:27] [13024] [INFO] %% - Division by zero.
[2015-04-16 10:11:27] [13027] [INFO] %% - Division by zero.
[2015-04-16 10:11:27] [13028] [INFO] %% - Division by zero.
[2015-04-16 10:12:10] [13175] [INFO] %% - Division by zero.
[2015-04-16 10:12:10] [13176] [INFO] %% - Division by zero.
[2015-04-16 10:12:10] [13177] [INFO] %% - Division by zero.
[2015-04-16 10:12:10] [13178] [INFO] %% - Division by zero.
[2015-04-16 10:12:10] [13179] [INFO] %% - Division by zero.
[2015-04-16 10:12:46] [13228] [INFO] %% - Division by zero.
[2015-04-16 10:15:14] [13352] [INFO] %% - Division by zero.
[2015-04-16 10:15:14] [13349] [INFO] %% - Division by zero.
[2015-04-16 10:15:14] [13350] [INFO] %% - Division by zero.
[2015-04-16 10:15:14] [13348] [INFO] %% - Division by zero.
[2015-04-16 10:18:58] [13523] [INFO] %% - process is starting.
[2015-04-16 10:18:58] [13524] [INFO] %% - process is starting.
[2015-04-16 10:18:58] [13525] [INFO] %% - process is starting.
[2015-04-16 10:18:58] [13526] [INFO] %% - process is starting.
[2015-04-16 10:18:58] [13527] [INFO] %% - process is starting.
[2015-04-16 10:18:58] [13527] [INFO] %% - Division by zero.
[2015-04-16 10:18:58] [13524] [INFO] %% - Division by zero.
[2015-04-16 10:18:58] [13525] [INFO] %% - Division by zero.
[2015-04-16 10:18:59] [13523] [INFO] %% - QPS 0 times / s.
[2015-04-16 10:20:15] [13592] [INFO] %% - process is starting.
[2015-04-16 10:20:15] [13593] [INFO] %% - process is starting.
[2015-04-16 10:20:15] [13594] [INFO] %% - process is starting.
[2015-04-16 10:20:15] [13595] [INFO] %% - process is starting.
[2015-04-16 10:20:15] [13596] [INFO] %% - process is starting.
[2015-04-16 10:20:23] [13621] [INFO] %% - process is starting.
[2015-04-16 10:20:23] [13622] [INFO] %% - process is starting.
[2015-04-16 10:20:23] [13623] [INFO] %% - process is starting.
[2015-04-16 10:20:23] [13624] [INFO] %% - process is starting.
[2015-04-16 10:20:23] [13625] [INFO] %% - process is starting.
[2015-04-16 10:20:23] [13622] [INFO] %% - min[4454565], max[6681847].
[2015-04-16 10:20:23] [13621] [INFO] %% - min[2227283], max[4454565].
[2015-04-16 10:20:23] [13623] [INFO] %% - min[6681847], max[8909129].
[2015-04-16 10:20:23] [13624] [INFO] %% - min[8909129], max[11136411].
[2015-04-16 10:20:23] [13625] [INFO] %% - min[1], max[2227283].
[2015-04-16 10:20:23] [13625] [INFO] %% - Division by zero.
[2015-04-16 10:20:23] [13622] [INFO] %% - Division by zero.
[2015-04-16 10:20:23] [13623] [INFO] %% - Division by zero.
[2015-04-16 10:20:23] [13621] [INFO] %% - Division by zero.
[2015-04-16 10:22:01] [13675] [INFO] %% - process is starting.
[2015-04-16 10:22:01] [13674] [INFO] %% - process is starting.
[2015-04-16 10:22:01] [13676] [INFO] %% - process is starting.
[2015-04-16 10:22:01] [13677] [INFO] %% - process is starting.
[2015-04-16 10:22:01] [13678] [INFO] %% - process is starting.
[2015-04-16 10:22:01] [13675] [INFO] %% - min[2227283], max[4454565].
[2015-04-16 10:22:01] [13674] [INFO] %% - min[4454565], max[6681847].
[2015-04-16 10:22:01] [13675] [INFO] %% - select id from imcms.imcms_doc where id > 2227283 and id < 4454565.
[2015-04-16 10:22:01] [13674] [INFO] %% - select id from imcms.imcms_doc where id > 4454565 and id < 6681847.
[2015-04-16 10:22:01] [13676] [INFO] %% - min[6681847], max[8909129].
[2015-04-16 10:22:01] [13676] [INFO] %% - select id from imcms.imcms_doc where id > 6681847 and id < 8909129.
[2015-04-16 10:22:01] [13677] [INFO] %% - min[8909129], max[11136411].
[2015-04-16 10:22:01] [13677] [INFO] %% - select id from imcms.imcms_doc where id > 8909129 and id < 11136411.
[2015-04-16 10:22:01] [13678] [INFO] %% - min[1], max[2227283].
[2015-04-16 10:22:01] [13678] [INFO] %% - select id from imcms.imcms_doc where id > 1 and id < 2227283.
[2015-04-16 10:22:01] [13678] [INFO] %% - Division by zero.
[2015-04-16 10:22:01] [13674] [INFO] %% - Division by zero.
[2015-04-16 10:22:01] [13676] [INFO] %% - Division by zero.
[2015-04-16 10:22:01] [13675] [INFO] %% - Division by zero.
[2015-04-16 10:23:55] [13758] [INFO] %% - process is starting.
[2015-04-16 10:23:55] [13757] [INFO] %% - process is starting.
[2015-04-16 10:23:55] [13759] [INFO] %% - process is starting.
[2015-04-16 10:23:55] [13760] [INFO] %% - process is starting.
[2015-04-16 10:23:55] [13761] [INFO] %% - process is starting.
[2015-04-16 10:23:55] [13759] [INFO] %% - min[6681847], max[8909129].
[2015-04-16 10:23:55] [13757] [INFO] %% - min[4454565], max[6681847].
[2015-04-16 10:23:55] [13758] [INFO] %% - min[2227283], max[4454565].
[2015-04-16 10:23:55] [13760] [INFO] %% - min[8909129], max[11136411].
[2015-04-16 10:23:55] [13761] [INFO] %% - min[1], max[2227283].
[2015-04-16 10:23:55] [13761] [INFO] %% - Division by zero.
[2015-04-16 10:23:55] [13757] [INFO] %% - Division by zero.
[2015-04-16 10:23:55] [13759] [INFO] %% - Division by zero.
[2015-04-16 10:23:55] [13758] [INFO] %% - Division by zero.
[2015-04-16 10:27:23] [13760] [INFO] %% - QPS 0 times / s.
[2015-04-16 10:30:12] [13913] [INFO] %% - process is starting.
[2015-04-16 10:30:12] [13914] [INFO] %% - process is starting.
[2015-04-16 10:30:12] [13915] [INFO] %% - process is starting.
[2015-04-16 10:30:12] [13916] [INFO] %% - process is starting.
[2015-04-16 10:30:12] [13917] [INFO] %% - process is starting.
[2015-04-16 10:30:12] [13913] [INFO] %% - min[4454565], max[6681847].
[2015-04-16 10:30:12] [13916] [INFO] %% - min[8909129], max[11136411].
[2015-04-16 10:30:12] [13914] [INFO] %% - min[2227283], max[4454565].
[2015-04-16 10:30:12] [13915] [INFO] %% - min[6681847], max[8909129].
[2015-04-16 10:30:12] [13917] [INFO] %% - min[1], max[2227283].
[2015-04-16 10:30:12] [13917] [INFO] %% - Division by zero.
[2015-04-16 10:30:12] [13915] [INFO] %% - Division by zero.
[2015-04-16 10:30:12] [13913] [INFO] %% - Division by zero.
[2015-04-16 10:30:12] [13914] [INFO] %% - Division by zero.
[2015-04-16 10:30:23] [13924] [INFO] %% - process is starting.
[2015-04-16 10:30:23] [13925] [INFO] %% - process is starting.
[2015-04-16 10:30:23] [13926] [INFO] %% - process is starting.
[2015-04-16 10:30:23] [13927] [INFO] %% - process is starting.
[2015-04-16 10:30:23] [13928] [INFO] %% - process is starting.
[2015-04-16 10:30:23] [13925] [INFO] %% - min[4454565], max[6681847].
[2015-04-16 10:30:23] [13924] [INFO] %% - min[2227283], max[4454565].
[2015-04-16 10:30:23] [13926] [INFO] %% - min[6681847], max[8909129].
[2015-04-16 10:30:23] [13927] [INFO] %% - min[8909129], max[11136411].
[2015-04-16 10:30:23] [13928] [INFO] %% - min[1], max[2227283].
[2015-04-16 10:30:23] [13928] [INFO] %% - Division by zero.
[2015-04-16 10:30:23] [13925] [INFO] %% - Division by zero.
[2015-04-16 10:30:23] [13926] [INFO] %% - Division by zero.
[2015-04-16 10:30:23] [13924] [INFO] %% - Division by zero.
[2015-04-16 10:35:53] [14085] [INFO] %% - process is starting.
[2015-04-16 10:35:53] [14084] [INFO] %% - process is starting.
[2015-04-16 10:35:53] [14086] [INFO] %% - process is starting.
[2015-04-16 10:35:53] [14087] [INFO] %% - process is starting.
[2015-04-16 10:35:53] [14088] [INFO] %% - process is starting.
[2015-04-16 10:35:53] [14084] [INFO] %% - min[4454565], max[6681847].
[2015-04-16 10:35:53] [14085] [INFO] %% - min[2227283], max[4454565].
[2015-04-16 10:35:53] [14087] [INFO] %% - min[8909129], max[11136411].
[2015-04-16 10:35:53] [14086] [INFO] %% - min[6681847], max[8909129].
[2015-04-16 10:35:53] [14088] [INFO] %% - min[1], max[2227283].
[2015-04-16 10:35:53] [14088] [INFO] %% - Division by zero.
[2015-04-16 10:35:53] [14084] [INFO] %% - Division by zero.
[2015-04-16 10:35:53] [14086] [INFO] %% - Division by zero.
[2015-04-16 10:35:53] [14085] [INFO] %% - Division by zero.
[2015-04-16 10:38:21] [14150] [INFO] %% - process is starting.
[2015-04-16 10:38:21] [14149] [INFO] %% - process is starting.
[2015-04-16 10:38:21] [14151] [INFO] %% - process is starting.
[2015-04-16 10:38:21] [14152] [INFO] %% - process is starting.
[2015-04-16 10:38:21] [14153] [INFO] %% - process is starting.
[2015-04-16 10:38:21] [14149] [INFO] %% - min[4454565], max[6681847].
[2015-04-16 10:38:21] [14150] [INFO] %% - min[2227283], max[4454565].
[2015-04-16 10:38:21] [14153] [INFO] %% - min[1], max[2227283].
[2015-04-16 10:38:21] [14151] [INFO] %% - min[6681847], max[8909129].
[2015-04-16 10:38:21] [14152] [INFO] %% - min[8909129], max[11136411].
[2015-04-16 10:38:21] [14153] [INFO] %% - Division by zero.
[2015-04-16 10:38:21] [14149] [INFO] %% - Division by zero.
[2015-04-16 10:38:21] [14151] [INFO] %% - Division by zero.
[2015-04-16 10:38:21] [14150] [INFO] %% - Division by zero.
[2015-04-16 10:39:07] [14179] [INFO] %% - process is starting.
[2015-04-16 10:39:07] [14178] [INFO] %% - process is starting.
[2015-04-16 10:39:07] [14180] [INFO] %% - process is starting.
[2015-04-16 10:39:07] [14181] [INFO] %% - process is starting.
[2015-04-16 10:39:07] [14182] [INFO] %% - process is starting.
[2015-04-16 10:39:07] [14178] [INFO] %% - min[4454565], max[6681847].
[2015-04-16 10:39:07] [14179] [INFO] %% - min[2227283], max[4454565].
[2015-04-16 10:39:07] [14181] [INFO] %% - min[8909129], max[11136411].
[2015-04-16 10:39:07] [14180] [INFO] %% - min[6681847], max[8909129].
[2015-04-16 10:39:07] [14182] [INFO] %% - min[1], max[2227283].
[2015-04-16 10:39:07] [14182] [INFO] %% - Division by zero.
[2015-04-16 10:39:08] [14178] [INFO] %% - QPS 0 times / s.
[2015-04-16 10:39:08] [14180] [INFO] %% - QPS 0 times / s.
[2015-04-16 10:39:09] [14179] [INFO] %% - QPS 0 times / s.
[2015-04-16 10:41:13] [14239] [INFO] %% - process is starting.
[2015-04-16 10:41:13] [14238] [INFO] %% - process is starting.
[2015-04-16 10:41:13] [14241] [INFO] %% - process is starting.
[2015-04-16 10:41:13] [14240] [INFO] %% - process is starting.
[2015-04-16 10:41:13] [14242] [INFO] %% - process is starting.
[2015-04-16 10:41:13] [14239] [INFO] %% - min[2227283], max[4454565].
[2015-04-16 10:41:13] [14238] [INFO] %% - min[4454565], max[6681847].
[2015-04-16 10:41:13] [14240] [INFO] %% - min[6681847], max[8909129].
[2015-04-16 10:41:13] [14241] [INFO] %% - min[8909129], max[11136411].
[2015-04-16 10:41:13] [14242] [INFO] %% - min[1], max[2227283].
[2015-04-16 10:41:22] [14267] [INFO] %% - process is starting.
[2015-04-16 10:41:22] [14268] [INFO] %% - process is starting.
[2015-04-16 10:41:22] [14269] [INFO] %% - process is starting.
[2015-04-16 10:41:22] [14270] [INFO] %% - process is starting.
[2015-04-16 10:41:22] [14271] [INFO] %% - process is starting.
[2015-04-16 10:41:22] [14268] [INFO] %% - min[4454565], max[6681847].
[2015-04-16 10:41:22] [14267] [INFO] %% - min[2227283], max[4454565].
[2015-04-16 10:41:22] [14269] [INFO] %% - min[6681847], max[8909129].
[2015-04-16 10:41:22] [14270] [INFO] %% - min[8909129], max[11136411].
[2015-04-16 10:41:22] [14271] [INFO] %% - min[1], max[2227283].
[2015-04-16 10:41:22] [14271] [INFO] %% - Division by zero.
[2015-04-16 10:41:22] [14268] [INFO] %% - Division by zero.
[2015-04-16 10:41:22] [14269] [INFO] %% - Division by zero.
[2015-04-16 10:41:22] [14267] [INFO] %% - Division by zero.
[2015-04-16 10:42:19] [14368] [INFO] %% - process is starting.
[2015-04-16 10:42:19] [14369] [INFO] %% - process is starting.
[2015-04-16 10:42:19] [14370] [INFO] %% - process is starting.
[2015-04-16 10:42:19] [14371] [INFO] %% - process is starting.
[2015-04-16 10:42:19] [14372] [INFO] %% - process is starting.
[2015-04-16 10:42:19] [14368] [INFO] %% - min[2227283], max[4454565].
[2015-04-16 10:42:19] [14369] [INFO] %% - min[4454565], max[6681847].
[2015-04-16 10:42:19] [14370] [INFO] %% - min[6681847], max[8909129].
[2015-04-16 10:42:19] [14371] [INFO] %% - min[8909129], max[11136411].
[2015-04-16 10:42:19] [14372] [INFO] %% - min[1], max[2227283].
[2015-04-16 10:42:19] [14372] [INFO] %% - count: 0.
[2015-04-16 10:42:19] [14372] [INFO] %% - Division by zero.
[2015-04-16 10:42:19] [14369] [INFO] %% - count: 163.
[2015-04-16 10:42:19] [14368] [INFO] %% - count: 748.
[2015-04-16 10:42:19] [14370] [INFO] %% - count: 200.
[2015-04-16 10:42:19] [14369] [INFO] %% - Division by zero.
[2015-04-16 10:42:19] [14370] [INFO] %% - Division by zero.
[2015-04-16 10:42:19] [14368] [INFO] %% - Division by zero.
[2015-04-16 10:42:34] [14371] [INFO] %% - count: 1053135.
[2015-04-16 10:45:41] [14371] [INFO] %% - QPS 0 times / s.
[2015-04-16 10:50:34] [14630] [INFO] %% - process is starting.
[2015-04-16 10:50:34] [14631] [INFO] %% - process is starting.
[2015-04-16 10:50:34] [14633] [INFO] %% - process is starting.
[2015-04-16 10:50:34] [14632] [INFO] %% - process is starting.
[2015-04-16 10:50:34] [14630] [INFO] %% - min[2227283], max[4454565].
[2015-04-16 10:50:34] [14634] [INFO] %% - process is starting.
[2015-04-16 10:50:34] [14632] [INFO] %% - min[8909129], max[11136411].
[2015-04-16 10:50:34] [14633] [INFO] %% - min[6681847], max[8909129].
[2015-04-16 10:50:34] [14631] [INFO] %% - min[4454565], max[6681847].
[2015-04-16 10:50:34] [14634] [INFO] %% - min[1], max[2227283].
[2015-04-16 10:50:34] [14634] [INFO] %% - count: 0.
[2015-04-16 10:50:34] [14634] [INFO] %% - Division by zero.
[2015-04-16 10:50:34] [14631] [INFO] %% - count: 163.
[2015-04-16 10:50:34] [14630] [INFO] %% - count: 748.
[2015-04-16 10:50:34] [14633] [INFO] %% - count: 200.
[2015-04-16 10:50:34] [14631] [INFO] %% - Division by zero.
[2015-04-16 10:50:34] [14633] [INFO] %% - Division by zero.
[2015-04-16 10:50:34] [14630] [INFO] %% - Division by zero.
[2015-04-16 10:50:49] [14632] [INFO] %% - count: 1053135.
[2015-04-16 10:54:01] [14632] [INFO] %% - count: 0 spend time: 192 QPS 0 times / s.
[2015-04-16 11:11:17] [15329] [INFO] %% - process is starting.
[2015-04-16 11:11:17] [15330] [INFO] %% - process is starting.
[2015-04-16 11:11:17] [15331] [INFO] %% - process is starting.
[2015-04-16 11:11:17] [15332] [INFO] %% - process is starting.
[2015-04-16 11:11:17] [15333] [INFO] %% - process is starting.
[2015-04-16 11:11:17] [15331] [INFO] %% - min[6681847], max[8909129].
[2015-04-16 11:11:17] [15329] [INFO] %% - min[2227283], max[4454565].
[2015-04-16 11:11:17] [15330] [INFO] %% - min[4454565], max[6681847].
[2015-04-16 11:11:17] [15332] [INFO] %% - min[8909129], max[11136411].
[2015-04-16 11:11:17] [15333] [INFO] %% - min[1], max[2227283].
[2015-04-16 11:11:17] [15333] [INFO] %% - count: 0.
[2015-04-16 11:11:17] [15333] [INFO] %% - Division by zero.
[2015-04-16 11:11:17] [15330] [INFO] %% - count: 163.
[2015-04-16 11:11:17] [15331] [INFO] %% - count: 200.
[2015-04-16 11:11:17] [15329] [INFO] %% - count: 748.
[2015-04-16 11:11:17] [15330] [INFO] %% - Division by zero.
[2015-04-16 11:11:17] [15331] [INFO] %% - Division by zero.
[2015-04-16 11:11:17] [15329] [INFO] %% - Division by zero.
[2015-04-16 11:11:33] [15332] [INFO] %% - count: 1053135.
[2015-04-16 11:14:48] [15332] [INFO] %% - count: 1053135 spend time: 195 QPS 5400.6923076923 times / s.
[2015-04-16 17:42:24] [23085] [INFO] %% - memcache get failed key: process_task.
[2015-04-16 17:42:24] [23084] [INFO] %% - memcache get failed key: process_task.
[2015-04-16 17:42:24] [23087] [INFO] %% - memcache get failed key: process_task.
[2015-04-16 17:42:24] [23086] [INFO] %% - memcache get failed key: process_task.
[2015-04-16 17:42:24] [23088] [INFO] %% - memcache get failed key: process_task.
